2021-12-12 19:12:110 INFO  ManageDriver :28 - Launching chrome driver
2021-12-12 20:12:295 INFO  ManageDriver :28 - Launching chrome driver
2021-12-12 20:12:632 INFO  ManageDriver :28 - Launching chrome driver
2021-12-12 20:12:443 INFO  ManageDriver :28 - Launching chrome driver
2021-12-12 20:12:122 INFO  ManageDriver :28 - Launching chrome driver
2021-12-12 21:12:340 INFO  ManageDriver :28 - Launching chrome driver
2021-12-12 21:12:121 INFO  ManageDriver :28 - Launching chrome driver
2021-12-12 21:12:514 INFO  ManageDriver :28 - Launching chrome driver
2021-12-12 21:12:375 INFO  ManageDriver :28 - Launching chrome driver
2021-12-12 21:12:147 INFO  ManageDriver :28 - Launching chrome driver
2021-12-12 21:12:797 INFO  ManageDriver :28 - Launching chrome driver
2021-12-12 21:12:04 INFO  ManageDriver :28 - Launching chrome driver
2021-12-12 22:12:364 INFO  ManageDriver :28 - Launching chrome driver
2021-12-12 22:12:272 INFO  ManageDriver :28 - Launching chrome driver
2021-12-12 22:12:401 INFO  ManageDriver :28 - Launching chrome driver
2021-12-12 22:12:649 INFO  ManageDriver :28 - Launching chrome driver
2021-12-12 22:12:428 INFO  ManageDriver :28 - Launching chrome driver
2021-12-12 22:12:770 INFO  ManageDriver :28 - Launching chrome driver
2021-12-12 22:12:359 INFO  ManageDriver :28 - Launching chrome driver
2021-12-12 22:12:858 INFO  ManageDriver :28 - Launching chrome driver
2021-12-12 22:12:324 INFO  ManageDriver :28 - Launching chrome driver
2021-12-12 22:12:652 INFO  ManageDriver :28 - Launching chrome driver
2021-12-12 22:12:597 INFO  ManageDriver :28 - Launching chrome driver
2021-12-12 22:12:564 INFO  ManageDriver :28 - Launching chrome driver
2021-12-12 22:12:919 INFO  ManageDriver :28 - Launching chrome driver
2021-12-12 22:12:628 INFO  ManageDriver :28 - Launching chrome driver
2021-12-12 22:12:537 INFO  ManageDriver :28 - Launching chrome driver
2021-12-12 23:12:932 INFO  ManageDriver :28 - Launching chrome driver
2021-12-12 23:12:437 INFO  ManageDriver :28 - Launching chrome driver
2021-12-12 23:12:726 INFO  ManageDriver :28 - Launching chrome driver
2021-12-12 23:12:858 INFO  ManageDriver :28 - Launching chrome driver
2021-12-12 23:12:374 INFO  ManageDriver :28 - Launching chrome driver
2021-12-12 23:12:919 INFO  ManageDriver :28 - Launching chrome driver
2021-12-12 23:12:208 INFO  ManageDriver :28 - Launching chrome driver
2021-12-12 23:12:174 INFO  ManageDriver :28 - Launching chrome driver
2021-12-12 23:12:959 INFO  ManageDriver :28 - Launching chrome driver
2021-12-12 23:12:935 INFO  ManageDriver :28 - Launching chrome driver
2021-12-12 23:12:895 INFO  ManageDriver :28 - Launching chrome driver
2021-12-12 23:12:144 INFO  ManageDriver :28 - Launching chrome driver
2021-12-12 23:12:901 INFO  ManageDriver :28 - Launching chrome driver
2021-12-12 23:12:822 INFO  ManageDriver :28 - Launching chrome driver
2021-12-12 23:12:206 INFO  ManageDriver :28 - Launching chrome driver
2021-12-13 00:12:161 INFO  ManageDriver :28 - Launching chrome driver
2021-12-13 00:12:104 INFO  BankManagerLoginPage :22 - duration isAdd Customer<br>
2021-12-13 00:12:384 INFO  AddCustomerPage :34 - duration is<br>
2021-12-13 00:12:464 INFO  AddCustomerPage :39 - duration is<br>
2021-12-13 00:12:546 INFO  AddCustomerPage :44 - duration is<br>
2021-12-13 00:12:732 INFO  ManageDriver :28 - Launching chrome driver
2021-12-13 00:12:298 INFO  BankManagerLoginPage :22 - duration isAdd Customer<br>
2021-12-13 00:12:644 INFO  AddCustomerPage :34 - duration is<br>
2021-12-13 00:12:718 INFO  AddCustomerPage :39 - duration is<br>
2021-12-13 00:12:795 INFO  AddCustomerPage :44 - duration is<br>
2021-12-13 00:12:901 INFO  ManageDriver :28 - Launching chrome driver
2021-12-13 00:12:362 INFO  BankManagerLoginPage :22 - duration isAdd Customer<br>
2021-12-13 00:12:633 INFO  AddCustomerPage :34 - duration is<br>
2021-12-13 00:12:716 INFO  AddCustomerPage :39 - duration is<br>
2021-12-13 00:12:794 INFO  AddCustomerPage :44 - duration is<br>
2021-12-13 00:12:787 INFO  ManageDriver :28 - Launching chrome driver
2021-12-13 00:12:575 INFO  BankManagerLoginPage :22 - duration isAdd Customer<br>
2021-12-13 00:12:953 INFO  AddCustomerPage :34 - duration is<br>
2021-12-13 00:12:25 INFO  AddCustomerPage :39 - duration is<br>
2021-12-13 00:12:100 INFO  AddCustomerPage :44 - duration is<br>
2021-12-13 00:12:69 INFO  ManageDriver :28 - Launching chrome driver
2021-12-13 00:12:559 INFO  BankManagerLoginPage :22 - duration isAdd Customer<br>
2021-12-13 00:12:853 INFO  AddCustomerPage :34 - duration is<br>
2021-12-13 00:12:916 INFO  AddCustomerPage :39 - duration is<br>
2021-12-13 00:12:998 INFO  AddCustomerPage :44 - duration is<br>
2021-12-13 00:12:242 INFO  ManageDriver :28 - Launching chrome driver
2021-12-13 00:12:876 INFO  BankManagerLoginPage :22 - duration isAdd Customer<br>
2021-12-13 00:12:157 INFO  AddCustomerPage :34 - duration is<br>
2021-12-13 00:12:232 INFO  AddCustomerPage :39 - duration is<br>
2021-12-13 00:12:307 INFO  AddCustomerPage :44 - duration is<br>
2021-12-13 00:12:349 INFO  ManageDriver :28 - Launching chrome driver
2021-12-13 00:12:776 INFO  BankManagerLoginPage :22 - duration isAdd Customer<br>
2021-12-13 00:12:96 INFO  AddCustomerPage :34 - duration is<br>
2021-12-13 00:12:183 INFO  AddCustomerPage :39 - duration is<br>
2021-12-13 00:12:263 INFO  AddCustomerPage :44 - duration is<br>
2021-12-13 00:12:157 INFO  ManageDriver :28 - Launching chrome driver
2021-12-13 00:12:764 INFO  BankManagerLoginPage :22 - duration isAdd Customer<br>
2021-12-13 00:12:63 INFO  AddCustomerPage :34 - duration is<br>
2021-12-13 00:12:171 INFO  AddCustomerPage :39 - duration is<br>
2021-12-13 00:12:247 INFO  AddCustomerPage :44 - duration is<br>
2021-12-13 00:12:660 INFO  ManageDriver :28 - Launching chrome driver
2021-12-13 00:12:108 INFO  BankManagerLoginPage :22 - duration isAdd Customer<br>
2021-12-13 00:12:404 INFO  AddCustomerPage :34 - duration is<br>
2021-12-13 00:12:486 INFO  AddCustomerPage :39 - duration is<br>
2021-12-13 00:12:561 INFO  AddCustomerPage :44 - duration is<br>
2021-12-13 00:12:902 INFO  AccountPage :29 - duration isOpen Account<br>
2021-12-13 00:12:193 INFO  AccountPage :34 - duration is         ---Customer Name---
 
         Hermoine Granger
Harry Potter
Ron Weasly
Albus Dumbledore
Neville Longbottom
James Ore
      <br>
2021-12-13 00:12:276 INFO  AccountPage :38 - duration is         ---Currency---
 
         Dollar
         Pound
 
         Rupee
      <br>
2021-12-13 00:12:211 INFO  ManageDriver :28 - Launching chrome driver
2021-12-13 00:12:672 INFO  BankManagerLoginPage :22 - duration isAdd Customer<br>
2021-12-13 00:12:929 INFO  AddCustomerPage :34 - duration is<br>
2021-12-13 00:12:12 INFO  AddCustomerPage :39 - duration is<br>
2021-12-13 00:12:94 INFO  AddCustomerPage :44 - duration is<br>
2021-12-13 00:12:276 INFO  AccountPage :29 - duration isOpen Account<br>
2021-12-13 00:12:545 INFO  AccountPage :34 - duration is         ---Customer Name---
 
         Hermoine Granger
Harry Potter
Ron Weasly
Albus Dumbledore
Neville Longbottom
James Ore
      <br>
2021-12-13 00:12:626 INFO  AccountPage :38 - duration is         ---Currency---
 
         Dollar
         Pound
 
         Rupee
      <br>
2021-12-13 00:12:665 INFO  ManageDriver :28 - Launching chrome driver
2021-12-13 00:12:165 INFO  BankManagerLoginPage :22 - duration isAdd Customer<br>
2021-12-13 00:12:426 INFO  AddCustomerPage :34 - duration is<br>
2021-12-13 00:12:614 INFO  AddCustomerPage :39 - duration is<br>
2021-12-13 00:12:684 INFO  AddCustomerPage :44 - duration is<br>
2021-12-13 00:12:858 INFO  AccountPage :29 - duration isOpen Account<br>
2021-12-13 00:12:135 INFO  AccountPage :34 - duration is         ---Customer Name---
 
         Hermoine Granger
Harry Potter
Ron Weasly
Albus Dumbledore
Neville Longbottom
James Ore
      <br>
2021-12-13 00:12:214 INFO  AccountPage :38 - duration is         ---Currency---
 
         Dollar
         Pound
 
         Rupee
      <br>
2021-12-13 00:12:505 INFO  ManageDriver :28 - Launching chrome driver
2021-12-13 00:12:386 INFO  BankManagerLoginPage :22 - duration isAdd Customer<br>
2021-12-13 00:12:658 INFO  AddCustomerPage :34 - duration is<br>
2021-12-13 00:12:849 INFO  AddCustomerPage :39 - duration is<br>
2021-12-13 00:12:938 INFO  AddCustomerPage :44 - duration is<br>
2021-12-13 00:12:626 INFO  ManageDriver :28 - Launching chrome driver
2021-12-13 00:12:308 INFO  BankManagerLoginPage :22 - duration isAdd Customer<br>
2021-12-13 00:12:587 INFO  AddCustomerPage :34 - duration is<br>
2021-12-13 00:12:662 INFO  AddCustomerPage :39 - duration is<br>
2021-12-13 00:12:740 INFO  AddCustomerPage :44 - duration is<br>
2021-12-13 00:12:505 INFO  ManageDriver :28 - Launching chrome driver
2021-12-13 00:12:950 INFO  BankManagerLoginPage :22 - duration isAdd Customer<br>
2021-12-13 00:12:274 INFO  AddCustomerPage :34 - duration is<br>
2021-12-13 00:12:341 INFO  AddCustomerPage :39 - duration is<br>
2021-12-13 00:12:509 INFO  AddCustomerPage :44 - duration is<br>
2021-12-13 00:12:705 INFO  AccountPage :29 - duration isOpen Account<br>
2021-12-13 00:12:985 INFO  AccountPage :34 - duration is         ---Customer Name---
 
         Hermoine Granger
Harry Potter
Ron Weasly
Albus Dumbledore
Neville Longbottom
James Ore
      <br>
2021-12-13 00:12:63 INFO  AccountPage :38 - duration is         ---Currency---
 
         Dollar
         Pound
 
         Rupee
      <br>
2021-12-13 00:12:42 INFO  ManageDriver :28 - Launching chrome driver
2021-12-13 00:12:326 INFO  BankManagerLoginPage :22 - duration isAdd Customer<br>
2021-12-13 00:12:595 INFO  AddCustomerPage :34 - duration is<br>
2021-12-13 00:12:678 INFO  AddCustomerPage :39 - duration is<br>
2021-12-13 00:12:750 INFO  AddCustomerPage :44 - duration is<br>
2021-12-13 00:12:952 INFO  AccountPage :29 - duration isOpen Account<br>
2021-12-13 00:12:309 INFO  AccountPage :34 - duration is         ---Customer Name---
 
         Hermoine Granger
Harry Potter
Ron Weasly
Albus Dumbledore
Neville Longbottom
James Ore
      <br>
2021-12-13 00:12:392 INFO  AccountPage :38 - duration is         ---Currency---
 
         Dollar
         Pound
 
         Rupee
      <br>
2021-12-13 00:12:514 INFO  ManageDriver :28 - Launching chrome driver
2021-12-13 00:12:213 INFO  BankManagerLoginPage :22 - duration isAdd Customer<br>
2021-12-13 00:12:349 INFO  AddCustomerPage :34 - duration is<br>
2021-12-13 00:12:412 INFO  AddCustomerPage :39 - duration is<br>
2021-12-13 00:12:492 INFO  AddCustomerPage :44 - duration is<br>
2021-12-13 00:12:669 INFO  AccountPage :29 - duration isOpen Account<br>
2021-12-13 00:12:934 INFO  AccountPage :34 - duration is         ---Customer Name---
 
         Hermoine Granger
Harry Potter
Ron Weasly
Albus Dumbledore
Neville Longbottom
James Ore
      <br>
2021-12-13 00:12:12 INFO  AccountPage :38 - duration is         ---Currency---
 
         Dollar
         Pound
 
         Rupee
      <br>
2021-12-13 00:12:938 INFO  ManageDriver :28 - Launching chrome driver
2021-12-13 00:12:478 INFO  BankManagerLoginPage :22 - duration isAdd Customer<br>
2021-12-13 00:12:742 INFO  AddCustomerPage :34 - duration is<br>
2021-12-13 00:12:812 INFO  AddCustomerPage :39 - duration is<br>
2021-12-13 00:12:883 INFO  AddCustomerPage :44 - duration is<br>
2021-12-13 00:12:57 INFO  AccountPage :29 - duration isOpen Account<br>
2021-12-13 00:12:323 INFO  AccountPage :34 - duration is         ---Customer Name---
 
         Hermoine Granger
Harry Potter
Ron Weasly
Albus Dumbledore
Neville Longbottom
James Ore
      <br>
2021-12-13 00:12:406 INFO  AccountPage :38 - duration is         ---Currency---
 
         Dollar
         Pound
 
         Rupee
      <br>
2021-12-13 13:12:554 INFO  ManageDriver :28 - Launching chrome driver
2021-12-13 13:12:230 INFO  BankManagerLoginPage :23 - duration isAdd Customer<br>
2021-12-13 13:12:623 INFO  AddCustomerPage :35 - duration is<br>
2021-12-13 13:12:693 INFO  AddCustomerPage :40 - duration is<br>
2021-12-13 13:12:768 INFO  AddCustomerPage :45 - duration is<br>
2021-12-13 13:12:719 INFO  ManageDriver :28 - Launching chrome driver
2021-12-13 13:12:43 INFO  BankManagerLoginPage :23 - duration isAdd Customer<br>
2021-12-13 13:12:337 INFO  AddCustomerPage :35 - duration is<br>
2021-12-13 13:12:417 INFO  AddCustomerPage :40 - duration is<br>
2021-12-13 13:12:497 INFO  AddCustomerPage :45 - duration is<br>
2021-12-13 13:12:774 INFO  AccountPage :34 - duration isOpen Account<br>
2021-12-13 13:12:267 INFO  AccountPage :39 - duration is         ---Customer Name---
 
         Hermoine Granger
Harry Potter
Ron Weasly
Albus Dumbledore
Neville Longbottom
James Ore
      <br>
2021-12-13 13:12:378 INFO  AccountPage :43 - duration is         ---Currency---
 
         Dollar
         Pound
 
         Rupee
      <br>
2021-12-13 13:12:375 INFO  ManageDriver :28 - Launching chrome driver
2021-12-13 13:12:172 INFO  BankManagerLoginPage :23 - duration isAdd Customer<br>
2021-12-13 13:12:370 INFO  AddCustomerPage :35 - duration is<br>
2021-12-13 13:12:450 INFO  AddCustomerPage :40 - duration is<br>
2021-12-13 13:12:530 INFO  AddCustomerPage :45 - duration is<br>
2021-12-13 13:12:717 INFO  ManageDriver :28 - Launching chrome driver
2021-12-13 13:12:684 INFO  BankManagerLoginPage :23 - duration isAdd Customer<br>
2021-12-13 13:12:993 INFO  AddCustomerPage :35 - duration is<br>
2021-12-13 13:12:228 INFO  AddCustomerPage :40 - duration is<br>
2021-12-13 13:12:316 INFO  AddCustomerPage :45 - duration is<br>
2021-12-13 13:12:181 INFO  ManageDriver :28 - Launching chrome driver
2021-12-13 13:12:703 INFO  BankManagerLoginPage :23 - duration isAdd Customer<br>
2021-12-13 13:12:68 INFO  AddCustomerPage :35 - duration is<br>
2021-12-13 13:12:148 INFO  AddCustomerPage :40 - duration is<br>
2021-12-13 13:12:223 INFO  AddCustomerPage :45 - duration is<br>
2021-12-13 13:12:468 INFO  AccountPage :34 - duration isOpen Account<br>
2021-12-13 13:12:782 INFO  AccountPage :39 - duration is         ---Customer Name---
 
         Hermoine Granger
Harry Potter
Ron Weasly
Albus Dumbledore
Neville Longbottom
James Ore
      <br>
2021-12-13 13:12:876 INFO  AccountPage :43 - duration is         ---Currency---
 
         Dollar
         Pound
 
         Rupee
      <br>
2021-12-13 13:12:908 INFO  ManageDriver :28 - Launching chrome driver
2021-12-13 13:12:394 INFO  BankManagerLoginPage :23 - duration isAdd Customer<br>
2021-12-13 13:12:702 INFO  AddCustomerPage :35 - duration is<br>
2021-12-13 13:12:778 INFO  AddCustomerPage :40 - duration is<br>
2021-12-13 13:12:862 INFO  AddCustomerPage :45 - duration is<br>
2021-12-13 13:12:129 INFO  ManageDriver :28 - Launching chrome driver
2021-12-13 13:12:781 INFO  BankManagerLoginPage :23 - duration isAdd Customer<br>
2021-12-13 13:12:149 INFO  AddCustomerPage :35 - duration is<br>
2021-12-13 13:12:234 INFO  AddCustomerPage :40 - duration is<br>
2021-12-13 13:12:328 INFO  AddCustomerPage :45 - duration is<br>
2021-12-13 13:12:601 INFO  AccountPage :34 - duration isOpen Account<br>
2021-12-13 13:12:932 INFO  AccountPage :39 - duration is         ---Customer Name---
 
         Hermoine Granger
Harry Potter
Ron Weasly
Albus Dumbledore
Neville Longbottom
James Ore
      <br>
2021-12-13 13:12:41 INFO  AccountPage :43 - duration is         ---Currency---
 
         Dollar
         Pound
 
         Rupee
      <br>
2021-12-13 13:12:800 INFO  ManageDriver :28 - Launching chrome driver
2021-12-13 13:12:750 INFO  BankManagerLoginPage :23 - duration isAdd Customer<br>
2021-12-13 13:12:34 INFO  AddCustomerPage :35 - duration is<br>
2021-12-13 13:12:112 INFO  AddCustomerPage :40 - duration is<br>
2021-12-13 13:12:195 INFO  AddCustomerPage :45 - duration is<br>
2021-12-13 13:12:40 INFO  ManageDriver :28 - Launching chrome driver
2021-12-13 13:12:41 INFO  BankManagerLoginPage :23 - duration isAdd Customer<br>
2021-12-13 13:12:337 INFO  AddCustomerPage :35 - duration is<br>
2021-12-13 13:12:517 INFO  AddCustomerPage :40 - duration is<br>
2021-12-13 13:12:592 INFO  AddCustomerPage :45 - duration is<br>
2021-12-13 13:12:654 INFO  ManageDriver :28 - Launching chrome driver
2021-12-13 13:12:293 INFO  BankManagerLoginPage :23 - duration isAdd Customer<br>
2021-12-13 13:12:592 INFO  AddCustomerPage :35 - duration is<br>
2021-12-13 13:12:674 INFO  AddCustomerPage :40 - duration is<br>
2021-12-13 13:12:751 INFO  AddCustomerPage :45 - duration is<br>
2021-12-13 13:12:781 INFO  AddCustomerPage :49 - duration isAdd Customer<br>
2021-12-13 13:12:885 INFO  ManageDriver :28 - Launching chrome driver
2021-12-13 13:12:524 INFO  BankManagerLoginPage :23 - duration isAdd Customer<br>
2021-12-13 13:12:839 INFO  AddCustomerPage :35 - duration is<br>
2021-12-13 13:12:925 INFO  AddCustomerPage :40 - duration is<br>
2021-12-13 13:12:08 INFO  AddCustomerPage :45 - duration is<br>
2021-12-13 13:12:36 INFO  AddCustomerPage :49 - duration isAdd Customer<br>
2021-12-13 13:12:273 INFO  AccountPage :34 - duration isOpen Account<br>
2021-12-13 13:12:613 INFO  AccountPage :39 - duration is         ---Customer Name---
 
         Hermoine Granger
Harry Potter
Ron Weasly
Albus Dumbledore
Neville Longbottom
James Ore
      <br>
2021-12-13 13:12:714 INFO  AccountPage :43 - duration is         ---Currency---
 
         Dollar
         Pound
 
         Rupee
      <br>
2021-12-13 13:12:549 INFO  ManageDriver :28 - Launching chrome driver
2021-12-13 13:12:884 INFO  BankManagerLoginPage :23 - duration isAdd Customer<br>
2021-12-13 13:12:285 INFO  AddCustomerPage :35 - duration is<br>
2021-12-13 13:12:366 INFO  AddCustomerPage :40 - duration is<br>
2021-12-13 13:12:444 INFO  AddCustomerPage :45 - duration is<br>
2021-12-13 13:12:471 INFO  AddCustomerPage :49 - duration isAdd Customer<br>
2021-12-13 13:12:749 INFO  AccountPage :34 - duration isOpen Account<br>
2021-12-13 13:12:61 INFO  AccountPage :39 - duration is         ---Customer Name---
 
         Hermoine Granger
Harry Potter
Ron Weasly
Albus Dumbledore
Neville Longbottom
James Ore
      <br>
2021-12-13 13:12:159 INFO  AccountPage :43 - duration is         ---Currency---
 
         Dollar
         Pound
 
         Rupee
      <br>
2021-12-13 13:12:187 INFO  AccountPage :46 - duration isProcess<br>
2021-12-13 13:12:245 INFO  ManageDriver :28 - Launching chrome driver
2021-12-13 13:12:161 INFO  BankManagerLoginPage :23 - duration isAdd Customer<br>
2021-12-13 13:12:431 INFO  AddCustomerPage :35 - duration is<br>
2021-12-13 13:12:506 INFO  AddCustomerPage :40 - duration is<br>
2021-12-13 13:12:588 INFO  AddCustomerPage :45 - duration is<br>
2021-12-13 13:12:613 INFO  AddCustomerPage :49 - duration isAdd Customer<br>
2021-12-14 10:12:125 INFO  ManageDriver :28 - Launching chrome driver
2021-12-14 10:12:915 INFO  BankManagerLoginPage :23 - duration isAdd Customer<br>
2021-12-14 10:12:483 INFO  AddCustomerPage :35 - duration is<br>
2021-12-14 10:12:654 INFO  AddCustomerPage :40 - duration is<br>
2021-12-14 10:12:773 INFO  AddCustomerPage :45 - duration is<br>
2021-12-14 10:12:808 INFO  AddCustomerPage :49 - duration isAdd Customer<br>
2021-12-14 10:12:640 INFO  ManageDriver :28 - Launching chrome driver
2021-12-14 11:12:275 INFO  ManageDriver :28 - Launching chrome driver
2021-12-14 11:12:210 INFO  BankManagerLoginPage :23 - duration isAdd Customer<br>
2021-12-14 11:12:656 INFO  AddCustomerPage :35 - duration is<br>
2021-12-14 11:12:59 INFO  AddCustomerPage :40 - duration is<br>
2021-12-14 11:12:273 INFO  AddCustomerPage :45 - duration is<br>
2021-12-14 11:12:622 INFO  AddCustomerPage :49 - duration isAdd Customer<br>
2021-12-14 11:12:986 INFO  ManageDriver :28 - Launching chrome driver
2021-12-14 11:12:383 INFO  ManageDriver :28 - Launching chrome driver
2021-12-14 11:12:564 INFO  ManageDriver :28 - Launching chrome driver
2021-12-14 11:12:615 INFO  BankManagerLoginPage :23 - duration isAdd Customer<br>
2021-12-14 11:12:97 INFO  AddCustomerPage :35 - duration is<br>
2021-12-14 11:12:230 INFO  AddCustomerPage :40 - duration is<br>
2021-12-14 11:12:328 INFO  AddCustomerPage :45 - duration is<br>
2021-12-14 11:12:385 INFO  AddCustomerPage :49 - duration isAdd Customer<br>
2021-12-14 11:12:757 INFO  ManageDriver :28 - Launching chrome driver
2021-12-14 11:12:257 INFO  BankManagerLoginPage :23 - duration isAdd Customer<br>
2021-12-14 11:12:690 INFO  AddCustomerPage :35 - duration is<br>
2021-12-14 11:12:778 INFO  AddCustomerPage :40 - duration is<br>
2021-12-14 11:12:925 INFO  AddCustomerPage :45 - duration is<br>
2021-12-14 11:12:958 INFO  AddCustomerPage :49 - duration isAdd Customer<br>
2021-12-14 11:12:682 INFO  ManageDriver :28 - Launching chrome driver
2021-12-14 11:12:594 INFO  BankManagerLoginPage :23 - duration isAdd Customer<br>
2021-12-14 11:12:878 INFO  AddCustomerPage :35 - duration is<br>
2021-12-14 11:12:964 INFO  AddCustomerPage :40 - duration is<br>
2021-12-14 11:12:36 INFO  AddCustomerPage :45 - duration is<br>
2021-12-14 11:12:123 INFO  AddCustomerPage :49 - duration isAdd Customer<br>
2021-12-14 11:12:876 INFO  ManageDriver :28 - Launching chrome driver
2021-12-14 11:12:938 INFO  ManageDriver :28 - Launching chrome driver
2021-12-14 11:12:26 INFO  BankManagerLoginPage :23 - duration isAdd Customer<br>
2021-12-14 11:12:241 INFO  AddCustomerPage :35 - duration is<br>
2021-12-14 11:12:326 INFO  AddCustomerPage :40 - duration is<br>
2021-12-14 11:12:407 INFO  AddCustomerPage :45 - duration is<br>
2021-12-14 11:12:468 INFO  AddCustomerPage :49 - duration isAdd Customer<br>
2021-12-14 11:12:171 INFO  AccountPage :34 - duration isOpen Account<br>
2021-12-14 11:12:585 INFO  AccountPage :39 - duration is         ---Customer Name---
 
         Hermoine Granger
Harry Potter
Ron Weasly
Albus Dumbledore
Neville Longbottom
James Ore
      <br>
2021-12-14 11:12:678 INFO  AccountPage :43 - duration is         ---Currency---
 
         Dollar
         Pound
 
         Rupee
      <br>
2021-12-14 11:12:708 INFO  AccountPage :46 - duration isProcess<br>
2021-12-14 11:12:133 INFO  ManageDriver :28 - Launching chrome driver
2021-12-14 11:12:246 INFO  ManageDriver :28 - Launching chrome driver
2021-12-14 11:12:568 INFO  BankManagerLoginPage :23 - duration isAdd Customer<br>
2021-12-14 11:12:935 INFO  AddCustomerPage :35 - duration is<br>
2021-12-14 11:12:108 INFO  AddCustomerPage :40 - duration is<br>
2021-12-14 11:12:190 INFO  AddCustomerPage :45 - duration is<br>
2021-12-14 11:12:231 INFO  AddCustomerPage :49 - duration isAdd Customer<br>
2021-12-14 11:12:148 INFO  AccountPage :34 - duration isOpen Account<br>
2021-12-14 11:12:836 INFO  AccountPage :39 - duration is         ---Customer Name---
 
         Hermoine Granger
Harry Potter
Ron Weasly
Albus Dumbledore
Neville Longbottom
James Ore
      <br>
2021-12-14 11:12:937 INFO  AccountPage :43 - duration is         ---Currency---
 
         Dollar
         Pound
 
         Rupee
      <br>
2021-12-14 11:12:974 INFO  AccountPage :46 - duration isProcess<br>
2021-12-14 11:12:861 INFO  ManageDriver :28 - Launching chrome driver
2021-12-14 11:12:879 INFO  ManageDriver :28 - Launching chrome driver
2021-12-14 11:12:773 INFO  ManageDriver :28 - Launching chrome driver
2021-12-14 11:12:30 INFO  BankManagerLoginPage :23 - duration isAdd Customer<br>
2021-12-14 11:12:319 INFO  AddCustomerPage :35 - duration is<br>
2021-12-14 11:12:400 INFO  AddCustomerPage :40 - duration is<br>
2021-12-14 11:12:488 INFO  AddCustomerPage :45 - duration is<br>
2021-12-14 11:12:566 INFO  AddCustomerPage :49 - duration isAdd Customer<br>
2021-12-14 11:12:614 INFO  AccountPage :34 - duration isOpen Account<br>
2021-12-14 11:12:278 INFO  AccountPage :39 - duration is         ---Customer Name---
 
         Hermoine Granger
Harry Potter
Ron Weasly
Albus Dumbledore
Neville Longbottom
James Ore
      <br>
2021-12-14 11:12:374 INFO  AccountPage :43 - duration is         ---Currency---
 
         Dollar
         Pound
 
         Rupee
      <br>
2021-12-14 11:12:408 INFO  AccountPage :46 - duration isProcess<br>
2021-12-14 11:12:19 INFO  CustomerLoginPage :28 - duration is       ---Your Name---
 
       Hermoine Granger
Harry Potter
Ron Weasly
Albus Dumbledore
Neville Longbottom
James Ore
     <br>
2021-12-14 11:12:91 INFO  CustomerLoginPage :32 - duration isLogin<br>
2021-12-14 11:12:980 INFO  ManageDriver :28 - Launching chrome driver
2021-12-14 11:12:904 INFO  ManageDriver :28 - Launching chrome driver
2021-12-14 11:12:513 INFO  ManageDriver :28 - Launching chrome driver
2021-12-14 11:12:857 INFO  BankManagerLoginPage :23 - duration isAdd Customer<br>
2021-12-14 11:12:196 INFO  AddCustomerPage :35 - duration is<br>
2021-12-14 11:12:273 INFO  AddCustomerPage :40 - duration is<br>
2021-12-14 11:12:363 INFO  AddCustomerPage :45 - duration is<br>
2021-12-14 11:12:393 INFO  AddCustomerPage :49 - duration isAdd Customer<br>
2021-12-14 11:12:265 INFO  AccountPage :34 - duration isOpen Account<br>
2021-12-14 11:12:579 INFO  AccountPage :39 - duration is         ---Customer Name---
 
         Hermoine Granger
Harry Potter
Ron Weasly
Albus Dumbledore
Neville Longbottom
James Ore
      <br>
2021-12-14 11:12:672 INFO  AccountPage :43 - duration is         ---Currency---
 
         Dollar
         Pound
 
         Rupee
      <br>
2021-12-14 11:12:704 INFO  AccountPage :46 - duration isProcess<br>
2021-12-14 11:12:280 INFO  CustomerLoginPage :28 - duration is       ---Your Name---
 
       Hermoine Granger
Harry Potter
Ron Weasly
Albus Dumbledore
Neville Longbottom
James Ore
     <br>
2021-12-14 11:12:344 INFO  CustomerLoginPage :32 - duration isLogin<br>
2021-12-14 11:12:735 INFO  CustomersPage :43 - duration isDeposit<br>
2021-12-14 11:12:16 INFO  CustomersPage :46 - duration is<br>
2021-12-14 11:12:92 INFO  CustomersPage :49 - duration isDeposit<br>
2021-12-14 11:12:72 INFO  ManageDriver :28 - Launching chrome driver
2021-12-14 11:12:973 INFO  ManageDriver :28 - Launching chrome driver
2021-12-14 11:12:169 INFO  ManageDriver :28 - Launching chrome driver
2021-12-14 11:12:688 INFO  ManageDriver :28 - Launching chrome driver
2021-12-14 11:12:08 INFO  ManageDriver :28 - Launching chrome driver
2021-12-14 11:12:689 INFO  BankManagerLoginPage :23 - duration isAdd Customer<br>
2021-12-14 11:12:60 INFO  AddCustomerPage :35 - duration is<br>
2021-12-14 11:12:139 INFO  AddCustomerPage :40 - duration is<br>
2021-12-14 11:12:216 INFO  AddCustomerPage :45 - duration is<br>
2021-12-14 11:12:249 INFO  AddCustomerPage :49 - duration isAdd Customer<br>
2021-12-14 11:12:77 INFO  AccountPage :34 - duration isOpen Account<br>
2021-12-14 11:12:715 INFO  AccountPage :39 - duration is         ---Customer Name---
 
         Hermoine Granger
Harry Potter
Ron Weasly
Albus Dumbledore
Neville Longbottom
James Ore
      <br>
2021-12-14 11:12:804 INFO  AccountPage :43 - duration is         ---Currency---
 
         Dollar
         Pound
 
         Rupee
      <br>
2021-12-14 11:12:840 INFO  AccountPage :46 - duration isProcess<br>
2021-12-14 11:12:440 INFO  CustomerLoginPage :28 - duration is       ---Your Name---
 
       Hermoine Granger
Harry Potter
Ron Weasly
Albus Dumbledore
Neville Longbottom
James Ore
     <br>
2021-12-14 11:12:522 INFO  CustomerLoginPage :32 - duration isLogin<br>
2021-12-14 11:12:59 INFO  CustomerLoginPage :28 - duration is       ---Your Name---
 
       Hermoine Granger
Harry Potter
Ron Weasly
Albus Dumbledore
Neville Longbottom
James Ore
     <br>
2021-12-14 11:12:592 INFO  CustomerLoginPage :28 - duration is       ---Your Name---
 
       Hermoine Granger
Harry Potter
Ron Weasly
Albus Dumbledore
Neville Longbottom
James Ore
     <br>
2021-12-14 11:12:879 INFO  ManageDriver :28 - Launching chrome driver
2021-12-14 11:12:829 INFO  ManageDriver :28 - Launching chrome driver
2021-12-14 11:12:218 INFO  ManageDriver :28 - Launching chrome driver
2021-12-14 11:12:857 INFO  ManageDriver :28 - Launching chrome driver
2021-12-14 11:12:551 INFO  ManageDriver :28 - Launching chrome driver
2021-12-14 11:12:700 INFO  BankManagerLoginPage :23 - duration isAdd Customer<br>
2021-12-14 11:12:996 INFO  AddCustomerPage :35 - duration is<br>
2021-12-14 11:12:82 INFO  AddCustomerPage :40 - duration is<br>
2021-12-14 11:12:160 INFO  AddCustomerPage :45 - duration is<br>
2021-12-14 11:12:189 INFO  AddCustomerPage :49 - duration isAdd Customer<br>
2021-12-14 11:12:971 INFO  AccountPage :34 - duration isOpen Account<br>
2021-12-14 11:12:328 INFO  AccountPage :39 - duration is         ---Customer Name---
 
         Hermoine Granger
Harry Potter
Ron Weasly
Albus Dumbledore
Neville Longbottom
James Ore
      <br>
2021-12-14 11:12:409 INFO  AccountPage :43 - duration is         ---Currency---
 
         Dollar
         Pound
 
         Rupee
      <br>
2021-12-14 11:12:436 INFO  AccountPage :46 - duration isProcess<br>
2021-12-14 11:12:446 INFO  CustomerLoginPage :28 - duration is       ---Your Name---
 
       Hermoine Granger
Harry Potter
Ron Weasly
Albus Dumbledore
Neville Longbottom
James Ore
     <br>
2021-12-14 11:12:504 INFO  CustomerLoginPage :32 - duration isLogin<br>
2021-12-14 11:12:10 INFO  CustomerLoginPage :28 - duration is       ---Your Name---
 
       Hermoine Granger
Harry Potter
Ron Weasly
Albus Dumbledore
Neville Longbottom
James Ore
     <br>
2021-12-14 11:12:633 INFO  CustomerLoginPage :28 - duration is       ---Your Name---
 
       Hermoine Granger
Harry Potter
Ron Weasly
Albus Dumbledore
Neville Longbottom
James Ore
     <br>
2021-12-14 11:12:434 INFO  ManageDriver :28 - Launching chrome driver
2021-12-14 11:12:416 INFO  ManageDriver :28 - Launching chrome driver
2021-12-14 11:12:42 INFO  ManageDriver :28 - Launching chrome driver
2021-12-14 11:12:970 INFO  ManageDriver :28 - Launching chrome driver
2021-12-14 11:12:649 INFO  ManageDriver :28 - Launching chrome driver
2021-12-14 11:12:76 INFO  BankManagerLoginPage :23 - duration isAdd Customer<br>
2021-12-14 11:12:428 INFO  AddCustomerPage :35 - duration is<br>
2021-12-14 11:12:522 INFO  AddCustomerPage :40 - duration is<br>
2021-12-14 11:12:611 INFO  AddCustomerPage :45 - duration is<br>
2021-12-14 11:12:734 INFO  AddCustomerPage :49 - duration isAdd Customer<br>
2021-12-14 11:12:392 INFO  ManageDriver :28 - Launching chrome driver
2021-12-14 11:12:347 INFO  ManageDriver :28 - Launching chrome driver
2021-12-14 11:12:943 INFO  ManageDriver :28 - Launching chrome driver
2021-12-14 11:12:650 INFO  ManageDriver :28 - Launching chrome driver
2021-12-14 11:12:514 INFO  ManageDriver :28 - Launching chrome driver
2021-12-14 11:12:302 INFO  BankManagerLoginPage :23 - duration isAdd Customer<br>
2021-12-14 11:12:720 INFO  AddCustomerPage :35 - duration is<br>
2021-12-14 11:12:809 INFO  AddCustomerPage :40 - duration is<br>
2021-12-14 11:12:895 INFO  AddCustomerPage :45 - duration is<br>
2021-12-14 11:12:922 INFO  AddCustomerPage :49 - duration isAdd Customer<br>
2021-12-14 11:12:558 INFO  ManageDriver :28 - Launching chrome driver
2021-12-14 11:12:320 INFO  ManageDriver :28 - Launching chrome driver
2021-12-14 11:12:23 INFO  ManageDriver :28 - Launching chrome driver
2021-12-14 11:12:598 INFO  ManageDriver :28 - Launching chrome driver
2021-12-14 11:12:308 INFO  ManageDriver :28 - Launching chrome driver
2021-12-14 11:12:79 INFO  ManageDriver :28 - Launching chrome driver
2021-12-14 11:12:335 INFO  BankManagerLoginPage :23 - duration isAdd Customer<br>
2021-12-14 11:12:681 INFO  AddCustomerPage :35 - duration is<br>
2021-12-14 11:12:792 INFO  AddCustomerPage :40 - duration is<br>
2021-12-14 11:12:899 INFO  AddCustomerPage :45 - duration is<br>
2021-12-14 11:12:932 INFO  AddCustomerPage :49 - duration isAdd Customer<br>
2021-12-14 11:12:706 INFO  AccountPage :34 - duration isOpen Account<br>
2021-12-14 11:12:314 INFO  AccountPage :39 - duration is         ---Customer Name---
 
         Hermoine Granger
Harry Potter
Ron Weasly
Albus Dumbledore
Neville Longbottom
James Ore
      <br>
2021-12-14 11:12:419 INFO  AccountPage :43 - duration is         ---Currency---
 
         Dollar
         Pound
 
         Rupee
      <br>
2021-12-14 11:12:451 INFO  AccountPage :46 - duration isProcess<br>
2021-12-14 11:12:94 INFO  CustomerLoginPage :28 - duration is       ---Your Name---
 
       Hermoine Granger
Harry Potter
Ron Weasly
Albus Dumbledore
Neville Longbottom
James Ore
     <br>
2021-12-14 11:12:163 INFO  CustomerLoginPage :32 - duration isLogin<br>
2021-12-14 11:12:753 INFO  CustomerLoginPage :28 - duration is       ---Your Name---
 
       Hermoine Granger
Harry Potter
Ron Weasly
Albus Dumbledore
Neville Longbottom
James Ore
     <br>
2021-12-14 11:12:329 INFO  CustomerLoginPage :28 - duration is       ---Your Name---
 
       Hermoine Granger
Harry Potter
Ron Weasly
Albus Dumbledore
Neville Longbottom
James Ore
     <br>
2021-12-14 11:12:746 INFO  ManageDriver :28 - Launching chrome driver
2021-12-14 11:12:117 INFO  ManageDriver :28 - Launching chrome driver
2021-12-14 11:12:467 INFO  ManageDriver :28 - Launching chrome driver
2021-12-14 11:12:352 INFO  ManageDriver :28 - Launching chrome driver
2021-12-14 11:12:308 INFO  ManageDriver :28 - Launching chrome driver
2021-12-14 11:12:235 INFO  BankManagerLoginPage :23 - duration isAdd Customer<br>
2021-12-14 11:12:562 INFO  AddCustomerPage :35 - duration is<br>
2021-12-14 11:12:633 INFO  AddCustomerPage :40 - duration is<br>
2021-12-14 11:12:706 INFO  AddCustomerPage :45 - duration is<br>
2021-12-14 11:12:736 INFO  AddCustomerPage :49 - duration isAdd Customer<br>
2021-12-14 11:12:484 INFO  AccountPage :34 - duration isOpen Account<br>
2021-12-14 11:12:972 INFO  AccountPage :39 - duration is         ---Customer Name---
 
         Hermoine Granger
Harry Potter
Ron Weasly
Albus Dumbledore
Neville Longbottom
James Ore
      <br>
2021-12-14 11:12:67 INFO  AccountPage :43 - duration is         ---Currency---
 
         Dollar
         Pound
 
         Rupee
      <br>
2021-12-14 11:12:100 INFO  AccountPage :46 - duration isProcess<br>
2021-12-14 11:12:996 INFO  CustomerLoginPage :28 - duration is       ---Your Name---
 
       Hermoine Granger
Harry Potter
Ron Weasly
Albus Dumbledore
Neville Longbottom
James Ore
     <br>
2021-12-14 11:12:21 INFO  CustomerLoginPage :31 - duration isLogin<br>
2021-12-14 11:12:563 INFO  CustomerLoginPage :28 - duration is       ---Your Name---
 
       Hermoine Granger
Harry Potter
Ron Weasly
Albus Dumbledore
Neville Longbottom
James Ore
     <br>
2021-12-14 11:12:590 INFO  CustomerLoginPage :31 - duration isLogin<br>
2021-12-14 11:12:690 INFO  CustomersPage :43 - duration isDeposit<br>
2021-12-14 11:12:20 INFO  CustomersPage :46 - duration is<br>
2021-12-14 11:12:75 INFO  CustomersPage :49 - duration isDeposit<br>
2021-12-14 11:12:311 INFO  CustomerLoginPage :28 - duration is       ---Your Name---
 
       Hermoine Granger
Harry Potter
Ron Weasly
Albus Dumbledore
Neville Longbottom
James Ore
     <br>
2021-12-14 11:12:333 INFO  CustomerLoginPage :31 - duration isLogin<br>
2021-12-14 11:12:848 INFO  ManageDriver :28 - Launching chrome driver
2021-12-14 11:12:719 INFO  ManageDriver :28 - Launching chrome driver
2021-12-14 11:12:414 INFO  ManageDriver :28 - Launching chrome driver
2021-12-14 11:12:657 INFO  ManageDriver :28 - Launching chrome driver
2021-12-14 11:12:389 INFO  ManageDriver :28 - Launching chrome driver
2021-12-14 11:12:684 INFO  BankManagerLoginPage :23 - duration isAdd Customer<br>
2021-12-14 11:12:974 INFO  AddCustomerPage :35 - duration is<br>
2021-12-14 11:12:51 INFO  AddCustomerPage :40 - duration is<br>
2021-12-14 11:12:136 INFO  AddCustomerPage :45 - duration is<br>
2021-12-14 11:12:163 INFO  AddCustomerPage :49 - duration isAdd Customer<br>
2021-12-14 11:12:856 INFO  AccountPage :34 - duration isOpen Account<br>
2021-12-14 11:12:195 INFO  AccountPage :39 - duration is         ---Customer Name---
 
         Hermoine Granger
Harry Potter
Ron Weasly
Albus Dumbledore
Neville Longbottom
James Ore
      <br>
2021-12-14 11:12:262 INFO  AccountPage :43 - duration is         ---Currency---
 
         Dollar
         Pound
 
         Rupee
      <br>
2021-12-14 11:12:285 INFO  AccountPage :46 - duration isProcess<br>
2021-12-14 11:12:319 INFO  CustomerLoginPage :28 - duration is       ---Your Name---
 
       Hermoine Granger
Harry Potter
Ron Weasly
Albus Dumbledore
Neville Longbottom
James Ore
     <br>
2021-12-14 11:12:345 INFO  CustomerLoginPage :31 - duration isLogin<br>
2021-12-14 11:12:943 INFO  CustomerLoginPage :28 - duration is       ---Your Name---
 
       Hermoine Granger
Harry Potter
Ron Weasly
Albus Dumbledore
Neville Longbottom
James Ore
     <br>
2021-12-14 11:12:971 INFO  CustomerLoginPage :31 - duration isLogin<br>
2021-12-14 11:12:77 INFO  CustomersPage :43 - duration isDeposit<br>
2021-12-14 11:12:416 INFO  CustomersPage :46 - duration is<br>
2021-12-14 11:12:481 INFO  CustomersPage :49 - duration isDeposit<br>
2021-12-14 11:12:753 INFO  CustomerLoginPage :28 - duration is       ---Your Name---
 
       Hermoine Granger
Harry Potter
Ron Weasly
Albus Dumbledore
Neville Longbottom
James Ore
     <br>
2021-12-14 11:12:778 INFO  CustomerLoginPage :31 - duration isLogin<br>
2021-12-14 11:12:636 INFO  CustomersPage :55 - duration isWithdrawl<br>
2021-12-14 11:12:407 INFO  CustomersPage :61 - duration is<br>
2021-12-14 11:12:493 INFO  CustomersPage :67 - duration isWithdraw<br>
2021-12-14 11:12:801 INFO  ManageDriver :28 - Launching chrome driver
2021-12-14 11:12:317 INFO  ManageDriver :28 - Launching chrome driver
2021-12-14 11:12:531 INFO  ManageDriver :28 - Launching chrome driver
2021-12-14 11:12:54 INFO  ManageDriver :28 - Launching chrome driver
2021-12-14 11:12:945 INFO  ManageDriver :28 - Launching chrome driver
2021-12-14 11:12:732 INFO  BankManagerLoginPage :23 - duration isAdd Customer<br>
2021-12-14 11:12:41 INFO  AddCustomerPage :35 - duration is<br>
2021-12-14 11:12:125 INFO  AddCustomerPage :40 - duration is<br>
2021-12-14 11:12:210 INFO  AddCustomerPage :45 - duration is<br>
2021-12-14 11:12:252 INFO  AddCustomerPage :49 - duration isAdd Customer<br>
2021-12-14 11:12:130 INFO  AccountPage :34 - duration isOpen Account<br>
2021-12-14 11:12:828 INFO  AccountPage :39 - duration is         ---Customer Name---
 
         Hermoine Granger
Harry Potter
Ron Weasly
Albus Dumbledore
Neville Longbottom
James Ore
      <br>
2021-12-14 11:12:921 INFO  AccountPage :43 - duration is         ---Currency---
 
         Dollar
         Pound
 
         Rupee
      <br>
2021-12-14 11:12:953 INFO  AccountPage :46 - duration isProcess<br>
2021-12-14 11:12:507 INFO  CustomerLoginPage :28 - duration is       ---Your Name---
 
       Hermoine Granger
Harry Potter
Ron Weasly
Albus Dumbledore
Neville Longbottom
James Ore
     <br>
2021-12-14 11:12:534 INFO  CustomerLoginPage :31 - duration isLogin<br>
2021-12-14 11:12:282 INFO  CustomerLoginPage :28 - duration is       ---Your Name---
 
       Hermoine Granger
Harry Potter
Ron Weasly
Albus Dumbledore
Neville Longbottom
James Ore
     <br>
2021-12-14 11:12:308 INFO  CustomerLoginPage :31 - duration isLogin<br>
2021-12-14 11:12:414 INFO  CustomersPage :43 - duration isDeposit<br>
2021-12-14 11:12:766 INFO  CustomersPage :46 - duration is<br>
2021-12-14 11:12:832 INFO  CustomersPage :49 - duration isDeposit<br>
2021-12-14 11:12:103 INFO  CustomerLoginPage :28 - duration is       ---Your Name---
 
       Hermoine Granger
Harry Potter
Ron Weasly
Albus Dumbledore
Neville Longbottom
James Ore
     <br>
2021-12-14 11:12:127 INFO  CustomerLoginPage :31 - duration isLogin<br>
2021-12-14 11:12:475 INFO  ManageDriver :28 - Launching chrome driver
2021-12-14 11:12:359 INFO  ManageDriver :28 - Launching chrome driver
2021-12-14 11:12:686 INFO  ManageDriver :28 - Launching chrome driver
2021-12-14 11:12:490 INFO  ManageDriver :28 - Launching chrome driver
2021-12-14 11:12:987 INFO  ManageDriver :28 - Launching chrome driver
2021-12-14 11:12:158 INFO  BankManagerLoginPage :23 - duration isAdd Customer<br>
2021-12-14 11:12:501 INFO  AddCustomerPage :35 - duration is<br>
2021-12-14 11:12:582 INFO  AddCustomerPage :40 - duration is<br>
2021-12-14 11:12:661 INFO  AddCustomerPage :45 - duration is<br>
2021-12-14 11:12:686 INFO  AddCustomerPage :49 - duration isAdd Customer<br>
2021-12-14 11:12:519 INFO  AccountPage :34 - duration isOpen Account<br>
2021-12-14 11:12:873 INFO  AccountPage :39 - duration is         ---Customer Name---
 
         Hermoine Granger
Harry Potter
Ron Weasly
Albus Dumbledore
Neville Longbottom
James Ore
      <br>
2021-12-14 11:12:945 INFO  AccountPage :43 - duration is         ---Currency---
 
         Dollar
         Pound
 
         Rupee
      <br>
2021-12-14 11:12:972 INFO  AccountPage :46 - duration isProcess<br>
2021-12-14 11:12:938 INFO  CustomerLoginPage :28 - duration is       ---Your Name---
 
       Hermoine Granger
Harry Potter
Ron Weasly
Albus Dumbledore
Neville Longbottom
James Ore
     <br>
2021-12-14 11:12:965 INFO  CustomerLoginPage :31 - duration isLogin<br>
2021-12-14 11:12:584 INFO  CustomerLoginPage :28 - duration is       ---Your Name---
 
       Hermoine Granger
Harry Potter
Ron Weasly
Albus Dumbledore
Neville Longbottom
James Ore
     <br>
2021-12-14 11:12:614 INFO  CustomerLoginPage :31 - duration isLogin<br>
2021-12-14 11:12:730 INFO  CustomersPage :43 - duration isDeposit<br>
2021-12-14 11:12:09 INFO  CustomersPage :46 - duration is<br>
2021-12-14 11:12:73 INFO  CustomersPage :49 - duration isDeposit<br>
2021-12-14 11:12:336 INFO  CustomerLoginPage :28 - duration is       ---Your Name---
 
       Hermoine Granger
Harry Potter
Ron Weasly
Albus Dumbledore
Neville Longbottom
James Ore
     <br>
2021-12-14 11:12:359 INFO  CustomerLoginPage :31 - duration isLogin<br>
2021-12-14 11:12:149 INFO  ManageDriver :28 - Launching chrome driver
2021-12-14 11:12:660 INFO  ManageDriver :28 - Launching chrome driver
2021-12-14 11:12:151 INFO  ManageDriver :28 - Launching chrome driver
2021-12-14 11:12:804 INFO  ManageDriver :28 - Launching chrome driver
2021-12-14 11:12:564 INFO  ManageDriver :28 - Launching chrome driver
2021-12-14 11:12:173 INFO  BankManagerLoginPage :23 - duration isAdd Customer<br>
2021-12-14 11:12:471 INFO  AddCustomerPage :35 - duration is<br>
2021-12-14 11:12:554 INFO  AddCustomerPage :40 - duration is<br>
2021-12-14 11:12:711 INFO  AddCustomerPage :45 - duration is<br>
2021-12-14 11:12:748 INFO  AddCustomerPage :49 - duration isAdd Customer<br>
2021-12-14 11:12:452 INFO  AccountPage :34 - duration isOpen Account<br>
2021-12-14 11:12:751 INFO  AccountPage :39 - duration is         ---Customer Name---
 
         Hermoine Granger
Harry Potter
Ron Weasly
Albus Dumbledore
Neville Longbottom
James Ore
      <br>
2021-12-14 11:12:849 INFO  AccountPage :43 - duration is         ---Currency---
 
         Dollar
         Pound
 
         Rupee
      <br>
2021-12-14 11:12:879 INFO  AccountPage :46 - duration isProcess<br>
2021-12-14 11:12:620 INFO  CustomerLoginPage :28 - duration is       ---Your Name---
 
       Hermoine Granger
Harry Potter
Ron Weasly
Albus Dumbledore
Neville Longbottom
James Ore
     <br>
2021-12-14 11:12:641 INFO  CustomerLoginPage :31 - duration isLogin<br>
2021-12-14 11:12:234 INFO  CustomerLoginPage :28 - duration is       ---Your Name---
 
       Hermoine Granger
Harry Potter
Ron Weasly
Albus Dumbledore
Neville Longbottom
James Ore
     <br>
2021-12-14 11:12:260 INFO  CustomerLoginPage :31 - duration isLogin<br>
2021-12-14 11:12:356 INFO  CustomersPage :44 - duration isDeposit<br>
2021-12-14 11:12:627 INFO  CustomersPage :47 - duration is<br>
2021-12-14 11:12:692 INFO  CustomersPage :50 - duration isDeposit<br>
2021-12-14 11:12:986 INFO  CustomerLoginPage :28 - duration is       ---Your Name---
 
       Hermoine Granger
Harry Potter
Ron Weasly
Albus Dumbledore
Neville Longbottom
James Ore
     <br>
2021-12-14 11:12:13 INFO  CustomerLoginPage :31 - duration isLogin<br>
2021-12-14 11:12:128 INFO  CustomersPage :58 - duration isWithdrawl<br>
2021-12-14 11:12:465 INFO  CustomersPage :63 - duration is<br>
2021-12-14 11:12:540 INFO  CustomersPage :69 - duration isWithdraw<br>
2021-12-14 11:12:940 INFO  ManageDriver :28 - Launching chrome driver
2021-12-14 11:12:786 INFO  ManageDriver :28 - Launching chrome driver
2021-12-14 11:12:403 INFO  ManageDriver :28 - Launching chrome driver
2021-12-14 11:12:863 INFO  ManageDriver :28 - Launching chrome driver
2021-12-14 11:12:760 INFO  ManageDriver :28 - Launching chrome driver
2021-12-14 11:12:54 INFO  BankManagerLoginPage :23 - duration isAdd Customer<br>
2021-12-14 11:12:470 INFO  AddCustomerPage :35 - duration is<br>
2021-12-14 11:12:555 INFO  AddCustomerPage :40 - duration is<br>
2021-12-14 11:12:629 INFO  AddCustomerPage :45 - duration is<br>
2021-12-14 11:12:656 INFO  AddCustomerPage :49 - duration isAdd Customer<br>
2021-12-14 11:12:907 INFO  ManageDriver :28 - Launching chrome driver
2021-12-14 11:12:02 INFO  ManageDriver :28 - Launching chrome driver
2021-12-14 11:12:434 INFO  ManageDriver :28 - Launching chrome driver
2021-12-14 11:12:953 INFO  ManageDriver :28 - Launching chrome driver
2021-12-14 11:12:963 INFO  ManageDriver :28 - Launching chrome driver
2021-12-14 11:12:431 INFO  BankManagerLoginPage :23 - duration isAdd Customer<br>
2021-12-14 11:12:811 INFO  AddCustomerPage :35 - duration is<br>
2021-12-14 11:12:894 INFO  AddCustomerPage :40 - duration is<br>
2021-12-14 11:12:973 INFO  AddCustomerPage :45 - duration is<br>
2021-12-14 11:12:14 INFO  AddCustomerPage :49 - duration isAdd Customer<br>
2021-12-14 11:12:583 INFO  ManageDriver :28 - Launching chrome driver
2021-12-14 11:12:560 INFO  ManageDriver :28 - Launching chrome driver
2021-12-14 11:12:20 INFO  ManageDriver :28 - Launching chrome driver
2021-12-14 11:12:876 INFO  ManageDriver :28 - Launching chrome driver
2021-12-14 11:12:390 INFO  ManageDriver :28 - Launching chrome driver
2021-12-14 11:12:632 INFO  BankManagerLoginPage :23 - duration isAdd Customer<br>
2021-12-14 11:12:941 INFO  AddCustomerPage :35 - duration is<br>
2021-12-14 11:12:21 INFO  AddCustomerPage :40 - duration is<br>
2021-12-14 11:12:165 INFO  AddCustomerPage :45 - duration is<br>
2021-12-14 11:12:207 INFO  AddCustomerPage :49 - duration isAdd Customer<br>
2021-12-14 11:12:880 INFO  ManageDriver :28 - Launching chrome driver
2021-12-14 11:12:734 INFO  ManageDriver :28 - Launching chrome driver
2021-12-14 11:12:553 INFO  ManageDriver :28 - Launching chrome driver
2021-12-14 11:12:908 INFO  ManageDriver :28 - Launching chrome driver
2021-12-14 11:12:523 INFO  ManageDriver :28 - Launching chrome driver
2021-12-14 11:12:797 INFO  BankManagerLoginPage :23 - duration isAdd Customer<br>
2021-12-14 11:12:152 INFO  AddCustomerPage :35 - duration is<br>
2021-12-14 11:12:231 INFO  AddCustomerPage :40 - duration is<br>
2021-12-14 11:12:308 INFO  AddCustomerPage :45 - duration is<br>
2021-12-14 11:12:335 INFO  AddCustomerPage :49 - duration isAdd Customer<br>
2021-12-14 12:12:201 INFO  ManageDriver :28 - Launching chrome driver
2021-12-14 12:12:905 INFO  ManageDriver :28 - Launching chrome driver
2021-12-14 12:12:386 INFO  ManageDriver :28 - Launching chrome driver
2021-12-14 12:12:888 INFO  ManageDriver :28 - Launching chrome driver
2021-12-14 12:12:858 INFO  BankManagerLoginPage :23 - duration isAdd Customer<br>
2021-12-14 12:12:150 INFO  AddCustomerPage :35 - duration is<br>
2021-12-14 12:12:225 INFO  AddCustomerPage :40 - duration is<br>
2021-12-14 12:12:301 INFO  AddCustomerPage :45 - duration is<br>
2021-12-14 12:12:330 INFO  AddCustomerPage :49 - duration isAdd Customer<br>
2021-12-14 12:12:159 INFO  ManageDriver :28 - Launching chrome driver
2021-12-14 12:12:891 INFO  ManageDriver :28 - Launching chrome driver
2021-12-14 12:12:683 INFO  ManageDriver :28 - Launching chrome driver
2021-12-14 12:12:788 INFO  BankManagerLoginPage :23 - duration isAdd Customer<br>
2021-12-14 12:12:117 INFO  AddCustomerPage :35 - duration is<br>
2021-12-14 12:12:202 INFO  AddCustomerPage :40 - duration is<br>
2021-12-14 12:12:290 INFO  AddCustomerPage :45 - duration is<br>
2021-12-14 12:12:321 INFO  AddCustomerPage :49 - duration isAdd Customer<br>
2021-12-14 12:12:888 INFO  ManageDriver :28 - Launching chrome driver
2021-12-14 12:12:733 INFO  ManageDriver :28 - Launching chrome driver
2021-12-14 12:12:597 INFO  BankManagerLoginPage :23 - duration isAdd Customer<br>
2021-12-14 12:12:916 INFO  AddCustomerPage :35 - duration is<br>
2021-12-14 12:12:998 INFO  AddCustomerPage :40 - duration is<br>
2021-12-14 12:12:71 INFO  AddCustomerPage :45 - duration is<br>
2021-12-14 12:12:98 INFO  AddCustomerPage :49 - duration isAdd Customer<br>
2021-12-14 12:12:644 INFO  ManageDriver :28 - Launching chrome driver
2021-12-14 12:12:362 INFO  ManageDriver :28 - Launching chrome driver
2021-12-14 12:12:670 INFO  ManageDriver :28 - Launching chrome driver
2021-12-14 12:12:72 INFO  BankManagerLoginPage :23 - duration isAdd Customer<br>
2021-12-14 12:12:420 INFO  AddCustomerPage :35 - duration is<br>
2021-12-14 12:12:491 INFO  AddCustomerPage :40 - duration is<br>
2021-12-14 12:12:580 INFO  AddCustomerPage :45 - duration is<br>
2021-12-14 12:12:606 INFO  AddCustomerPage :49 - duration isAdd Customer<br>
2021-12-14 12:12:420 INFO  ManageDriver :28 - Launching chrome driver
2021-12-14 12:12:589 INFO  BankManagerLoginPage :23 - duration isAdd Customer<br>
2021-12-14 12:12:879 INFO  AddCustomerPage :35 - duration is<br>
2021-12-14 12:12:974 INFO  AddCustomerPage :40 - duration is<br>
2021-12-14 12:12:54 INFO  AddCustomerPage :45 - duration is<br>
2021-12-14 12:12:86 INFO  AddCustomerPage :49 - duration isAdd Customer<br>
2021-12-14 12:12:876 INFO  ManageDriver :28 - Launching chrome driver
2021-12-14 12:12:501 INFO  ManageDriver :28 - Launching chrome driver
2021-12-14 12:12:309 INFO  BankManagerLoginPage :23 - duration isAdd Customer<br>
2021-12-14 12:12:629 INFO  AddCustomerPage :35 - duration is<br>
2021-12-14 12:12:705 INFO  AddCustomerPage :40 - duration is<br>
2021-12-14 12:12:784 INFO  AddCustomerPage :45 - duration is<br>
2021-12-14 12:12:810 INFO  AddCustomerPage :49 - duration isAdd Customer<br>
2021-12-14 12:12:556 INFO  ManageDriver :28 - Launching chrome driver
2021-12-14 12:12:722 INFO  BankManagerLoginPage :23 - duration isAdd Customer<br>
2021-12-14 12:12:61 INFO  AddCustomerPage :35 - duration is<br>
2021-12-14 12:12:142 INFO  AddCustomerPage :40 - duration is<br>
2021-12-14 12:12:227 INFO  AddCustomerPage :45 - duration is<br>
2021-12-14 12:12:257 INFO  AddCustomerPage :49 - duration isAdd Customer<br>
2021-12-14 12:12:711 INFO  ManageDriver :28 - Launching chrome driver
2021-12-14 12:12:437 INFO  ManageDriver :28 - Launching chrome driver
2021-12-14 12:12:970 INFO  ManageDriver :28 - Launching chrome driver
2021-12-14 12:12:380 INFO  ManageDriver :28 - Launching chrome driver
2021-12-14 12:12:706 INFO  ManageDriver :28 - Launching chrome driver
2021-12-14 12:12:68 INFO  ManageDriver :28 - Launching chrome driver
2021-12-14 12:12:157 INFO  ManageDriver :28 - Launching chrome driver
2021-12-14 12:12:723 INFO  ManageDriver :28 - Launching chrome driver
2021-12-14 12:12:211 INFO  ManageDriver :28 - Launching chrome driver
2021-12-14 12:12:951 INFO  ManageDriver :28 - Launching chrome driver
2021-12-14 12:12:648 INFO  ManageDriver :28 - Launching chrome driver
2021-12-14 12:12:859 INFO  ManageDriver :28 - Launching chrome driver
2021-12-14 12:12:920 INFO  ManageDriver :28 - Launching chrome driver
2021-12-14 12:12:217 INFO  ManageDriver :28 - Launching chrome driver
2021-12-14 12:12:326 INFO  ManageDriver :28 - Launching chrome driver
2021-12-14 12:12:408 INFO  ManageDriver :28 - Launching chrome driver
2021-12-14 12:12:820 INFO  ManageDriver :28 - Launching chrome driver
2021-12-14 12:12:365 INFO  ManageDriver :28 - Launching chrome driver
2021-12-14 12:12:885 INFO  ManageDriver :28 - Launching chrome driver
2021-12-14 12:12:11 INFO  ManageDriver :28 - Launching chrome driver
2021-12-14 12:12:255 INFO  ManageDriver :28 - Launching chrome driver
2021-12-14 12:12:197 INFO  ManageDriver :28 - Launching chrome driver
2021-12-14 12:12:79 INFO  ManageDriver :28 - Launching chrome driver
2021-12-14 12:12:179 INFO  ManageDriver :28 - Launching chrome driver
2021-12-14 12:12:194 INFO  ManageDriver :28 - Launching chrome driver
2021-12-14 12:12:213 INFO  ManageDriver :28 - Launching chrome driver
2021-12-14 12:12:619 INFO  ManageDriver :28 - Launching chrome driver
2021-12-14 12:12:981 INFO  ManageDriver :28 - Launching chrome driver
2021-12-14 18:12:659 INFO  ManageDriver :28 - Launching chrome driver
2021-12-14 18:12:286 INFO  ManageDriver :28 - Launching chrome driver
